mode: atomic
git.mills.io/prologic/monkey/lexer/lexer.go:11.28,13.2 1 42
git.mills.io/prologic/monkey/lexer/lexer.go:15.29,17.2 1 127
git.mills.io/prologic/monkey/lexer/lexer.go:27.58,29.2 1 37
git.mills.io/prologic/monkey/lexer/lexer.go:32.31,36.2 3 1
git.mills.io/prologic/monkey/lexer/lexer.go:38.28,39.36 1 194
git.mills.io/prologic/monkey/lexer/lexer.go:45.2,46.18 2 194
git.mills.io/prologic/monkey/lexer/lexer.go:39.36,41.3 1 2
git.mills.io/prologic/monkey/lexer/lexer.go:41.8,43.3 1 192
git.mills.io/prologic/monkey/lexer/lexer.go:49.33,50.36 1 7
git.mills.io/prologic/monkey/lexer/lexer.go:50.36,52.3 1 0
git.mills.io/prologic/monkey/lexer/lexer.go:52.8,54.3 1 7
git.mills.io/prologic/monkey/lexer/lexer.go:58.41,63.14 3 74
git.mills.io/prologic/monkey/lexer/lexer.go:123.2,124.12 2 40
git.mills.io/prologic/monkey/lexer/lexer.go:64.11,65.26 1 5
git.mills.io/prologic/monkey/lexer/lexer.go:73.11,74.35 1 1
git.mills.io/prologic/monkey/lexer/lexer.go:75.11,76.36 1 1
git.mills.io/prologic/monkey/lexer/lexer.go:77.11,78.26 1 2
git.mills.io/prologic/monkey/lexer/lexer.go:86.11,87.36 1 1
git.mills.io/prologic/monkey/lexer/lexer.go:88.11,89.39 1 1
git.mills.io/prologic/monkey/lexer/lexer.go:90.11,91.33 1 2
git.mills.io/prologic/monkey/lexer/lexer.go:92.11,93.33 1 1
git.mills.io/prologic/monkey/lexer/lexer.go:94.11,95.40 1 11
git.mills.io/prologic/monkey/lexer/lexer.go:96.11,97.36 1 2
git.mills.io/prologic/monkey/lexer/lexer.go:98.11,99.37 1 3
git.mills.io/prologic/monkey/lexer/lexer.go:100.11,101.37 1 3
git.mills.io/prologic/monkey/lexer/lexer.go:102.11,103.37 1 3
git.mills.io/prologic/monkey/lexer/lexer.go:104.11,105.37 1 3
git.mills.io/prologic/monkey/lexer/lexer.go:106.9,108.23 2 1
git.mills.io/prologic/monkey/lexer/lexer.go:109.10,110.21 1 34
git.mills.io/prologic/monkey/lexer/lexer.go:65.26,70.4 4 1
git.mills.io/prologic/monkey/lexer/lexer.go:70.9,72.4 1 4
git.mills.io/prologic/monkey/lexer/lexer.go:78.26,83.4 4 1
git.mills.io/prologic/monkey/lexer/lexer.go:83.9,85.4 1 1
git.mills.io/prologic/monkey/lexer/lexer.go:110.21,114.4 3 22
git.mills.io/prologic/monkey/lexer/lexer.go:114.9,114.27 1 12
git.mills.io/prologic/monkey/lexer/lexer.go:114.27,118.4 3 12
git.mills.io/prologic/monkey/lexer/lexer.go:118.9,120.4 1 0
git.mills.io/prologic/monkey/lexer/lexer.go:127.41,129.21 2 22
git.mills.io/prologic/monkey/lexer/lexer.go:132.2,132.37 1 22
git.mills.io/prologic/monkey/lexer/lexer.go:129.21,131.3 1 71
git.mills.io/prologic/monkey/lexer/lexer.go:135.37,137.20 2 12
git.mills.io/prologic/monkey/lexer/lexer.go:140.2,140.37 1 12
git.mills.io/prologic/monkey/lexer/lexer.go:137.20,139.3 1 18
git.mills.io/prologic/monkey/lexer/lexer.go:143.34,144.66 1 74
git.mills.io/prologic/monkey/lexer/lexer.go:144.66,146.3 1 62
git.mills.io/prologic/monkey/ast/ast.go:37.41,38.27 1 0
git.mills.io/prologic/monkey/ast/ast.go:41.2,41.11 1 0
git.mills.io/prologic/monkey/ast/ast.go:38.27,40.3 1 0
git.mills.io/prologic/monkey/ast/ast.go:45.35,48.33 2 1
git.mills.io/prologic/monkey/ast/ast.go:52.2,52.21 1 1
git.mills.io/prologic/monkey/ast/ast.go:48.33,50.3 1 1
git.mills.io/prologic/monkey/ast/ast.go:63.42,63.43 0 0
git.mills.io/prologic/monkey/ast/ast.go:66.47,66.74 1 1
git.mills.io/prologic/monkey/ast/ast.go:69.41,76.21 5 1
git.mills.io/prologic/monkey/ast/ast.go:80.2,82.21 2 1
git.mills.io/prologic/monkey/ast/ast.go:76.21,78.3 1 1
git.mills.io/prologic/monkey/ast/ast.go:91.45,91.46 0 0
git.mills.io/prologic/monkey/ast/ast.go:94.50,94.77 1 0
git.mills.io/prologic/monkey/ast/ast.go:97.44,102.27 3 0
git.mills.io/prologic/monkey/ast/ast.go:106.2,108.21 2 0
git.mills.io/prologic/monkey/ast/ast.go:102.27,104.3 1 0
git.mills.io/prologic/monkey/ast/ast.go:118.49,118.50 0 0
git.mills.io/prologic/monkey/ast/ast.go:121.54,121.81 1 0
git.mills.io/prologic/monkey/ast/ast.go:124.48,125.26 1 0
git.mills.io/prologic/monkey/ast/ast.go:128.2,128.11 1 0
git.mills.io/prologic/monkey/ast/ast.go:125.26,127.3 1 0
git.mills.io/prologic/monkey/ast/ast.go:138.44,138.45 0 0
git.mills.io/prologic/monkey/ast/ast.go:141.49,141.76 1 0
git.mills.io/prologic/monkey/ast/ast.go:144.43,147.34 2 0
git.mills.io/prologic/monkey/ast/ast.go:151.2,151.21 1 0
git.mills.io/prologic/monkey/ast/ast.go:147.34,149.3 1 0
git.mills.io/prologic/monkey/ast/ast.go:160.40,160.41 0 0
git.mills.io/prologic/monkey/ast/ast.go:163.44,163.70 1 0
git.mills.io/prologic/monkey/ast/ast.go:166.38,166.56 1 2
git.mills.io/prologic/monkey/ast/ast.go:174.37,174.38 0 0
git.mills.io/prologic/monkey/ast/ast.go:177.41,177.67 1 0
git.mills.io/prologic/monkey/ast/ast.go:180.35,180.61 1 0
git.mills.io/prologic/monkey/ast/ast.go:188.45,188.46 0 0
git.mills.io/prologic/monkey/ast/ast.go:191.49,191.76 1 0
git.mills.io/prologic/monkey/ast/ast.go:194.43,194.70 1 0
git.mills.io/prologic/monkey/ast/ast.go:204.47,204.48 0 0
git.mills.io/prologic/monkey/ast/ast.go:207.51,207.78 1 0
git.mills.io/prologic/monkey/ast/ast.go:210.45,219.2 6 0
git.mills.io/prologic/monkey/ast/ast.go:230.46,230.47 0 0
git.mills.io/prologic/monkey/ast/ast.go:233.50,233.77 1 0
git.mills.io/prologic/monkey/ast/ast.go:236.44,246.2 7 0
git.mills.io/prologic/monkey/ast/ast.go:257.43,257.44 0 0
git.mills.io/prologic/monkey/ast/ast.go:260.47,260.74 1 0
git.mills.io/prologic/monkey/ast/ast.go:263.41,271.27 6 0
git.mills.io/prologic/monkey/ast/ast.go:276.2,276.21 1 0
git.mills.io/prologic/monkey/ast/ast.go:271.27,274.3 2 0
git.mills.io/prologic/monkey/ast/ast.go:287.46,287.47 0 0
git.mills.io/prologic/monkey/ast/ast.go:290.50,290.77 1 0
git.mills.io/prologic/monkey/ast/ast.go:293.44,297.34 3 0
git.mills.io/prologic/monkey/ast/ast.go:301.2,307.21 6 0
git.mills.io/prologic/monkey/ast/ast.go:297.34,299.3 1 0
git.mills.io/prologic/monkey/ast/ast.go:318.45,318.46 0 0
git.mills.io/prologic/monkey/ast/ast.go:321.49,321.76 1 0
git.mills.io/prologic/monkey/ast/ast.go:324.43,328.33 3 0
git.mills.io/prologic/monkey/ast/ast.go:332.2,337.21 5 0
git.mills.io/prologic/monkey/ast/ast.go:328.33,330.3 1 0
git.mills.io/prologic/monkey/eval/eval.go:25.52,26.11 1 63
git.mills.io/prologic/monkey/eval/eval.go:29.2,29.14 1 27
git.mills.io/prologic/monkey/eval/eval.go:26.11,28.3 1 36
git.mills.io/prologic/monkey/eval/eval.go:32.62,34.2 1 8
git.mills.io/prologic/monkey/eval/eval.go:37.65,38.29 1 514
git.mills.io/prologic/monkey/eval/eval.go:114.2,114.12 1 14
git.mills.io/prologic/monkey/eval/eval.go:40.20,41.32 1 72
git.mills.io/prologic/monkey/eval/eval.go:44.32,45.36 1 86
git.mills.io/prologic/monkey/eval/eval.go:47.27,48.39 1 19
git.mills.io/prologic/monkey/eval/eval.go:50.28,52.19 2 7
git.mills.io/prologic/monkey/eval/eval.go:55.3,55.36 1 6
git.mills.io/prologic/monkey/eval/eval.go:57.25,59.19 2 14
git.mills.io/prologic/monkey/eval/eval.go:62.3,62.32 1 14
git.mills.io/prologic/monkey/eval/eval.go:65.27,66.44 1 128
git.mills.io/prologic/monkey/eval/eval.go:67.20,68.39 1 33
git.mills.io/prologic/monkey/eval/eval.go:70.29,72.21 2 16
git.mills.io/prologic/monkey/eval/eval.go:75.3,75.52 1 16
git.mills.io/prologic/monkey/eval/eval.go:77.28,79.20 2 80
git.mills.io/prologic/monkey/eval/eval.go:83.3,84.21 2 80
git.mills.io/prologic/monkey/eval/eval.go:88.3,88.57 1 80
git.mills.io/prologic/monkey/eval/eval.go:90.25,91.37 1 12
git.mills.io/prologic/monkey/eval/eval.go:93.23,94.35 1 29
git.mills.io/prologic/monkey/eval/eval.go:96.28,99.68 3 9
git.mills.io/prologic/monkey/eval/eval.go:101.27,103.24 2 9
git.mills.io/prologic/monkey/eval/eval.go:107.3,108.41 2 9
git.mills.io/prologic/monkey/eval/eval.go:111.3,111.39 1 9
git.mills.io/prologic/monkey/eval/eval.go:52.19,54.4 1 1
git.mills.io/prologic/monkey/eval/eval.go:59.19,61.4 1 0
git.mills.io/prologic/monkey/eval/eval.go:72.21,74.4 1 0
git.mills.io/prologic/monkey/eval/eval.go:79.20,81.4 1 0
git.mills.io/prologic/monkey/eval/eval.go:84.21,86.4 1 0
git.mills.io/prologic/monkey/eval/eval.go:103.24,105.4 1 0
git.mills.io/prologic/monkey/eval/eval.go:108.41,110.4 1 0
git.mills.io/prologic/monkey/eval/eval.go:117.79,120.47 2 72
git.mills.io/prologic/monkey/eval/eval.go:131.2,131.15 1 59
git.mills.io/prologic/monkey/eval/eval.go:120.47,123.34 2 88
git.mills.io/prologic/monkey/eval/eval.go:124.23,125.23 1 5
git.mills.io/prologic/monkey/eval/eval.go:126.22,127.17 1 8
git.mills.io/prologic/monkey/eval/eval.go:134.83,137.34 2 0
git.mills.io/prologic/monkey/eval/eval.go:145.2,145.15 1 0
git.mills.io/prologic/monkey/eval/eval.go:137.34,140.53 2 0
git.mills.io/prologic/monkey/eval/eval.go:140.53,142.4 1 0
git.mills.io/prologic/monkey/eval/eval.go:148.91,151.45 2 19
git.mills.io/prologic/monkey/eval/eval.go:162.2,162.15 1 13
git.mills.io/prologic/monkey/eval/eval.go:151.45,154.20 2 19
git.mills.io/prologic/monkey/eval/eval.go:154.20,156.49 2 19
git.mills.io/prologic/monkey/eval/eval.go:156.49,158.5 1 6
git.mills.io/prologic/monkey/eval/eval.go:165.79,166.18 1 16
git.mills.io/prologic/monkey/eval/eval.go:167.11,168.43 1 9
git.mills.io/prologic/monkey/eval/eval.go:169.11,170.50 1 7
git.mills.io/prologic/monkey/eval/eval.go:171.10,172.68 1 0
git.mills.io/prologic/monkey/eval/eval.go:176.68,177.15 1 9
git.mills.io/prologic/monkey/eval/eval.go:178.12,179.15 1 3
git.mills.io/prologic/monkey/eval/eval.go:180.13,181.14 1 4
git.mills.io/prologic/monkey/eval/eval.go:182.12,183.14 1 0
git.mills.io/prologic/monkey/eval/eval.go:184.10,185.15 1 2
git.mills.io/prologic/monkey/eval/eval.go:189.75,190.36 1 7
git.mills.io/prologic/monkey/eval/eval.go:194.2,195.39 2 6
git.mills.io/prologic/monkey/eval/eval.go:190.36,192.3 1 1
git.mills.io/prologic/monkey/eval/eval.go:201.17,202.9 1 80
git.mills.io/prologic/monkey/eval/eval.go:203.71,204.59 1 65
git.mills.io/prologic/monkey/eval/eval.go:205.24,206.42 1 7
git.mills.io/prologic/monkey/eval/eval.go:207.24,208.42 1 2
git.mills.io/prologic/monkey/eval/eval.go:209.35,211.40 1 2
git.mills.io/prologic/monkey/eval/eval.go:212.10,214.40 1 4
git.mills.io/prologic/monkey/eval/eval.go:221.17,225.18 3 65
git.mills.io/prologic/monkey/eval/eval.go:226.11,227.52 1 22
git.mills.io/prologic/monkey/eval/eval.go:228.11,229.52 1 1
git.mills.io/prologic/monkey/eval/eval.go:230.11,231.52 1 19
git.mills.io/prologic/monkey/eval/eval.go:232.11,233.52 1 2
git.mills.io/prologic/monkey/eval/eval.go:234.11,235.47 1 6
git.mills.io/prologic/monkey/eval/eval.go:236.11,237.47 1 11
git.mills.io/prologic/monkey/eval/eval.go:238.12,239.48 1 2
git.mills.io/prologic/monkey/eval/eval.go:240.12,241.48 1 2
git.mills.io/prologic/monkey/eval/eval.go:242.10,243.14 1 0
git.mills.io/prologic/monkey/eval/eval.go:247.84,249.24 2 12
git.mills.io/prologic/monkey/eval/eval.go:253.2,253.25 1 12
git.mills.io/prologic/monkey/eval/eval.go:249.24,251.3 1 0
git.mills.io/prologic/monkey/eval/eval.go:253.25,255.3 1 9
git.mills.io/prologic/monkey/eval/eval.go:255.8,255.34 1 3
git.mills.io/prologic/monkey/eval/eval.go:255.34,257.3 1 1
git.mills.io/prologic/monkey/eval/eval.go:257.8,259.3 1 2
git.mills.io/prologic/monkey/eval/eval.go:262.39,263.13 1 12
git.mills.io/prologic/monkey/eval/eval.go:264.12,265.15 1 0
git.mills.io/prologic/monkey/eval/eval.go:266.12,267.14 1 8
git.mills.io/prologic/monkey/eval/eval.go:268.13,269.15 1 3
git.mills.io/prologic/monkey/eval/eval.go:270.10,271.14 1 1
git.mills.io/prologic/monkey/eval/eval.go:275.38,276.16 1 236
git.mills.io/prologic/monkey/eval/eval.go:279.2,279.14 1 0
git.mills.io/prologic/monkey/eval/eval.go:276.16,278.3 1 236
git.mills.io/prologic/monkey/eval/eval.go:285.17,287.9 2 29
git.mills.io/prologic/monkey/eval/eval.go:291.2,291.12 1 28
git.mills.io/prologic/monkey/eval/eval.go:287.9,289.3 1 1
git.mills.io/prologic/monkey/eval/eval.go:297.19,300.25 2 9
git.mills.io/prologic/monkey/eval/eval.go:308.2,308.15 1 9
git.mills.io/prologic/monkey/eval/eval.go:300.25,302.25 2 12
git.mills.io/prologic/monkey/eval/eval.go:305.3,305.37 1 12
git.mills.io/prologic/monkey/eval/eval.go:302.25,304.4 1 0
git.mills.io/prologic/monkey/eval/eval.go:311.74,313.9 2 9
git.mills.io/prologic/monkey/eval/eval.go:317.2,318.52 2 9
git.mills.io/prologic/monkey/eval/eval.go:313.9,315.3 1 0
git.mills.io/prologic/monkey/eval/eval.go:324.23,327.45 2 9
git.mills.io/prologic/monkey/eval/eval.go:331.2,331.12 1 9
git.mills.io/prologic/monkey/eval/eval.go:327.45,329.3 1 12
git.mills.io/prologic/monkey/eval/eval.go:334.57,335.49 1 9
git.mills.io/prologic/monkey/eval/eval.go:339.2,339.12 1 8
git.mills.io/prologic/monkey/eval/eval.go:335.49,337.3 1 1
git.mills.io/prologic/monkey/parser/parser.go:51.34,85.2 24 68
git.mills.io/prologic/monkey/parser/parser.go:87.30,90.2 2 533
git.mills.io/prologic/monkey/parser/parser.go:92.48,94.2 1 169
git.mills.io/prologic/monkey/parser/parser.go:96.49,98.2 1 435
git.mills.io/prologic/monkey/parser/parser.go:100.48,101.22 1 38
git.mills.io/prologic/monkey/parser/parser.go:101.22,104.3 2 38
git.mills.io/prologic/monkey/parser/parser.go:104.8,107.3 2 0
git.mills.io/prologic/monkey/parser/parser.go:110.36,112.2 1 68
git.mills.io/prologic/monkey/parser/parser.go:114.42,118.2 2 0
git.mills.io/prologic/monkey/parser/parser.go:120.53,123.2 2 0
git.mills.io/prologic/monkey/parser/parser.go:125.46,129.31 3 68
git.mills.io/prologic/monkey/parser/parser.go:137.2,137.16 1 68
git.mills.io/prologic/monkey/parser/parser.go:129.31,131.18 2 69
git.mills.io/prologic/monkey/parser/parser.go:134.3,134.16 1 69
git.mills.io/prologic/monkey/parser/parser.go:131.18,133.4 1 69
git.mills.io/prologic/monkey/parser/parser.go:140.49,141.25 1 73
git.mills.io/prologic/monkey/parser/parser.go:142.17,143.31 1 3
git.mills.io/prologic/monkey/parser/parser.go:144.20,145.34 1 1
git.mills.io/prologic/monkey/parser/parser.go:146.10,147.38 1 69
git.mills.io/prologic/monkey/parser/parser.go:151.56,154.32 2 3
git.mills.io/prologic/monkey/parser/parser.go:158.2,160.33 2 3
git.mills.io/prologic/monkey/parser/parser.go:164.2,168.36 3 3
git.mills.io/prologic/monkey/parser/parser.go:172.2,172.13 1 3
git.mills.io/prologic/monkey/parser/parser.go:154.32,156.3 1 0
git.mills.io/prologic/monkey/parser/parser.go:160.33,162.3 1 0
git.mills.io/prologic/monkey/parser/parser.go:168.36,170.3 1 3
git.mills.io/prologic/monkey/parser/parser.go:175.62,182.36 4 1
git.mills.io/prologic/monkey/parser/parser.go:186.2,186.13 1 1
git.mills.io/prologic/monkey/parser/parser.go:182.36,184.3 1 1
git.mills.io/prologic/monkey/parser/parser.go:189.70,194.36 3 69
git.mills.io/prologic/monkey/parser/parser.go:198.2,198.13 1 69
git.mills.io/prologic/monkey/parser/parser.go:194.36,196.3 1 35
git.mills.io/prologic/monkey/parser/parser.go:201.65,203.19 2 195
git.mills.io/prologic/monkey/parser/parser.go:207.2,209.73 2 195
git.mills.io/prologic/monkey/parser/parser.go:220.2,220.16 1 195
git.mills.io/prologic/monkey/parser/parser.go:203.19,206.3 2 0
git.mills.io/prologic/monkey/parser/parser.go:209.73,211.19 2 92
git.mills.io/prologic/monkey/parser/parser.go:215.3,217.27 2 92
git.mills.io/prologic/monkey/parser/parser.go:211.19,213.4 1 0
git.mills.io/prologic/monkey/parser/parser.go:223.39,224.48 1 224
git.mills.io/prologic/monkey/parser/parser.go:228.2,228.15 1 108
git.mills.io/prologic/monkey/parser/parser.go:224.48,226.3 1 116
git.mills.io/prologic/monkey/parser/parser.go:231.38,232.47 1 84
git.mills.io/prologic/monkey/parser/parser.go:236.2,236.15 1 0
git.mills.io/prologic/monkey/parser/parser.go:232.47,234.3 1 84
git.mills.io/prologic/monkey/parser/parser.go:239.51,241.2 1 73
git.mills.io/prologic/monkey/parser/parser.go:243.55,247.16 3 80
git.mills.io/prologic/monkey/parser/parser.go:253.2,255.12 2 80
git.mills.io/prologic/monkey/parser/parser.go:247.16,251.3 3 0
git.mills.io/prologic/monkey/parser/parser.go:258.57,269.2 4 12
git.mills.io/prologic/monkey/parser/parser.go:271.75,283.2 5 84
git.mills.io/prologic/monkey/parser/parser.go:285.48,287.2 1 17
git.mills.io/prologic/monkey/parser/parser.go:289.58,294.33 3 7
git.mills.io/prologic/monkey/parser/parser.go:298.2,298.12 1 7
git.mills.io/prologic/monkey/parser/parser.go:294.33,296.3 1 0
git.mills.io/prologic/monkey/parser/parser.go:301.53,304.33 2 2
git.mills.io/prologic/monkey/parser/parser.go:308.2,311.33 3 2
git.mills.io/prologic/monkey/parser/parser.go:315.2,315.33 1 2
git.mills.io/prologic/monkey/parser/parser.go:319.2,321.31 2 2
git.mills.io/prologic/monkey/parser/parser.go:331.2,331.19 1 2
git.mills.io/prologic/monkey/parser/parser.go:304.33,306.3 1 0
git.mills.io/prologic/monkey/parser/parser.go:311.33,313.3 1 0
git.mills.io/prologic/monkey/parser/parser.go:315.33,317.3 1 0
git.mills.io/prologic/monkey/parser/parser.go:321.31,324.34 2 1
git.mills.io/prologic/monkey/parser/parser.go:328.3,328.51 1 1
git.mills.io/prologic/monkey/parser/parser.go:324.34,326.4 1 0
git.mills.io/prologic/monkey/parser/parser.go:334.60,340.62 4 7
git.mills.io/prologic/monkey/parser/parser.go:348.2,348.14 1 7
git.mills.io/prologic/monkey/parser/parser.go:340.62,342.18 2 4
git.mills.io/prologic/monkey/parser/parser.go:345.3,345.16 1 4
git.mills.io/prologic/monkey/parser/parser.go:342.18,344.4 1 4
git.mills.io/prologic/monkey/parser/parser.go:351.56,354.33 2 4
git.mills.io/prologic/monkey/parser/parser.go:358.2,360.33 2 4
git.mills.io/prologic/monkey/parser/parser.go:364.2,366.12 2 4
git.mills.io/prologic/monkey/parser/parser.go:354.33,356.3 1 0
git.mills.io/prologic/monkey/parser/parser.go:360.33,362.3 1 0
git.mills.io/prologic/monkey/parser/parser.go:369.62,372.33 2 4
git.mills.io/prologic/monkey/parser/parser.go:377.2,382.33 4 3
git.mills.io/prologic/monkey/parser/parser.go:389.2,389.33 1 3
git.mills.io/prologic/monkey/parser/parser.go:393.2,393.20 1 3
git.mills.io/prologic/monkey/parser/parser.go:372.33,375.3 2 1
git.mills.io/prologic/monkey/parser/parser.go:382.33,387.3 4 3
git.mills.io/prologic/monkey/parser/parser.go:389.33,391.3 1 0
git.mills.io/prologic/monkey/parser/parser.go:396.78,400.2 3 8
git.mills.io/prologic/monkey/parser/parser.go:402.56,405.33 2 8
git.mills.io/prologic/monkey/parser/parser.go:410.2,413.33 3 7
git.mills.io/prologic/monkey/parser/parser.go:419.2,419.33 1 7
git.mills.io/prologic/monkey/parser/parser.go:423.2,423.13 1 7
git.mills.io/prologic/monkey/parser/parser.go:405.33,408.3 2 1
git.mills.io/prologic/monkey/parser/parser.go:413.33,417.3 3 10
git.mills.io/prologic/monkey/parser/parser.go:419.33,421.3 1 0
git.mills.io/prologic/monkey/parser/parser.go:426.73,428.2 1 612
git.mills.io/prologic/monkey/parser/parser.go:430.71,432.2 1 612
git.mills.io/prologic/monkey/parser/parser_tracing.go:12.26,14.2 1 0
git.mills.io/prologic/monkey/parser/parser_tracing.go:16.28,18.2 1 0
git.mills.io/prologic/monkey/parser/parser_tracing.go:20.17,20.48 1 0
git.mills.io/prologic/monkey/parser/parser_tracing.go:21.17,21.48 1 0
git.mills.io/prologic/monkey/parser/parser_tracing.go:23.31,27.2 3 0
git.mills.io/prologic/monkey/parser/parser_tracing.go:29.26,32.2 2 0
